{"duration":"19ms","level":"info","message":"Request processed","method":"GET","path":"/hosts","service":"your-service-name","statusCode":403}
{"duration":"26ms","level":"info","message":"Request processed","method":"POST","path":"/login","service":"your-service-name","statusCode":200}
{"duration":"8ms","level":"info","message":"Request processed","method":"GET","path":"/hosts","service":"your-service-name","statusCode":200}
{"duration":"7ms","level":"info","message":"Request processed","method":"GET","path":"/hosts","service":"your-service-name","statusCode":200}
{"duration":"8ms","level":"info","message":"Request processed","method":"GET","path":"/users/210f8ab8-8b92-40c7-80fe-aef13be5b234","service":"your-service-name","statusCode":200}
{"duration":"24ms","level":"info","message":"Request processed","method":"GET","path":"/users/210f8ab8-8b92-40c7-80fe-aef13be5b234","service":"your-service-name","statusCode":200}
{"duration":"18ms","level":"info","message":"Request processed","method":"GET","path":"/simulate-error","service":"your-service-name","statusCode":404}
{"duration":"13ms","level":"info","message":"Request processed","method":"GET","path":"/simulate-error","service":"your-service-name","statusCode":404}
{"duration":"4ms","level":"info","message":"Request processed","method":"GET","path":"/simulate-error","service":"your-service-name","statusCode":404}
{"level":"error","message":"My first Sentry error!","service":"your-service-name"}
{"duration":"22ms","level":"info","message":"Request processed","method":"GET","path":"/debug-sentry","service":"your-service-name","statusCode":500}
{"level":"error","message":"Simulated error for testing","service":"your-service-name"}
{"duration":"5ms","level":"info","message":"Request processed","method":"GET","path":"/simulate-error","service":"your-service-name","statusCode":500}
{"duration":"32ms","level":"info","message":"Request processed","method":"GET","path":"/users","service":"your-service-name","statusCode":200}
{"duration":"20ms","level":"info","message":"Request processed","method":"POST","path":"/login","service":"your-service-name","statusCode":200}
{"duration":"8ms","level":"info","message":"Request processed","method":"GET","path":"//users/e5678901-23f0-1234-5678-9abcdef01234","service":"your-service-name","statusCode":404}
{"duration":"5ms","level":"info","message":"Request processed","method":"POST","path":"/login","service":"your-service-name","statusCode":200}
{"duration":"7ms","level":"info","message":"Request processed","method":"PUT","path":"//users/e5678901-23f0-1234-5678-9abcdef01234","service":"your-service-name","statusCode":404}
{"duration":"5ms","level":"info","message":"Request processed","method":"POST","path":"/login","service":"your-service-name","statusCode":200}
{"duration":"2ms","level":"info","message":"Request processed","method":"DELETE","path":"//users/e5678901-23f0-1234-5678-9abcdef01234","service":"your-service-name","statusCode":404}
{"duration":"5ms","level":"info","message":"Request processed","method":"POST","path":"/login","service":"your-service-name","statusCode":200}
{"duration":"3ms","level":"info","message":"Request processed","method":"GET","path":"//users","service":"your-service-name","statusCode":404}
{"duration":"6ms","level":"info","message":"Request processed","method":"POST","path":"/login","service":"your-service-name","statusCode":200}
{"duration":"2ms","level":"info","message":"Request processed","method":"POST","path":"//users","service":"your-service-name","statusCode":404}
{"duration":"6ms","level":"info","message":"Request processed","method":"POST","path":"/login","service":"your-service-name","statusCode":200}
{"duration":"4ms","level":"info","message":"Request processed","method":"GET","path":"//hosts/e2345678-90bc-def0-0123-456789abcdef","service":"your-service-name","statusCode":404}
{"duration":"6ms","level":"info","message":"Request processed","method":"POST","path":"/login","service":"your-service-name","statusCode":200}
{"duration":"2ms","level":"info","message":"Request processed","method":"PUT","path":"//hosts/e2345678-90bc-def0-0123-456789abcdef","service":"your-service-name","statusCode":404}
{"duration":"5ms","level":"info","message":"Request processed","method":"POST","path":"/login","service":"your-service-name","statusCode":200}
{"duration":"2ms","level":"info","message":"Request processed","method":"DELETE","path":"//hosts/e2345678-90bc-def0-0123-456789abcdef","service":"your-service-name","statusCode":404}
{"duration":"5ms","level":"info","message":"Request processed","method":"POST","path":"/login","service":"your-service-name","statusCode":200}
{"duration":"2ms","level":"info","message":"Request processed","method":"GET","path":"//hosts","service":"your-service-name","statusCode":404}
{"duration":"5ms","level":"info","message":"Request processed","method":"POST","path":"/login","service":"your-service-name","statusCode":200}
{"duration":"3ms","level":"info","message":"Request processed","method":"POST","path":"//hosts","service":"your-service-name","statusCode":404}
{"duration":"4ms","level":"info","message":"Request processed","method":"POST","path":"/login","service":"your-service-name","statusCode":200}
{"duration":"3ms","level":"info","message":"Request processed","method":"GET","path":"//properties/i1234567-89f0-1234-5678-9abcdef01234","service":"your-service-name","statusCode":404}
{"duration":"6ms","level":"info","message":"Request processed","method":"POST","path":"/login","service":"your-service-name","statusCode":200}
{"duration":"6ms","level":"info","message":"Request processed","method":"PUT","path":"//properties/i1234567-89f0-1234-5678-9abcdef01234","service":"your-service-name","statusCode":404}
{"duration":"4ms","level":"info","message":"Request processed","method":"POST","path":"/login","service":"your-service-name","statusCode":200}
{"duration":"2ms","level":"info","message":"Request processed","method":"DELETE","path":"//properties/i1234567-89f0-1234-5678-9abcdef01234","service":"your-service-name","statusCode":404}
{"duration":"6ms","level":"info","message":"Request processed","method":"POST","path":"/login","service":"your-service-name","statusCode":200}
{"duration":"3ms","level":"info","message":"Request processed","method":"GET","path":"//properties","service":"your-service-name","statusCode":404}
{"duration":"6ms","level":"info","message":"Request processed","method":"POST","path":"/login","service":"your-service-name","statusCode":200}
{"duration":"2ms","level":"info","message":"Request processed","method":"POST","path":"//properties","service":"your-service-name","statusCode":404}
{"duration":"5ms","level":"info","message":"Request processed","method":"POST","path":"/login","service":"your-service-name","statusCode":200}
{"duration":"1ms","level":"info","message":"Request processed","method":"GET","path":"//amenities/u3456789-01rs-tuvw-01cd-ef0123456789","service":"your-service-name","statusCode":404}
{"duration":"5ms","level":"info","message":"Request processed","method":"POST","path":"/login","service":"your-service-name","statusCode":200}
{"duration":"3ms","level":"info","message":"Request processed","method":"PUT","path":"//amenities/u3456789-01rs-tuvw-01cd-ef0123456789","service":"your-service-name","statusCode":404}
{"duration":"4ms","level":"info","message":"Request processed","method":"POST","path":"/login","service":"your-service-name","statusCode":200}
{"duration":"2ms","level":"info","message":"Request processed","method":"DELETE","path":"//amenities/u3456789-01rs-tuvw-01cd-ef0123456789","service":"your-service-name","statusCode":404}
{"duration":"4ms","level":"info","message":"Request processed","method":"POST","path":"/login","service":"your-service-name","statusCode":200}
{"duration":"2ms","level":"info","message":"Request processed","method":"GET","path":"//amenities","service":"your-service-name","statusCode":404}
{"duration":"4ms","level":"info","message":"Request processed","method":"POST","path":"/login","service":"your-service-name","statusCode":200}
{"duration":"3ms","level":"info","message":"Request processed","method":"POST","path":"//amenities","service":"your-service-name","statusCode":404}
{"duration":"8ms","level":"info","message":"Request processed","method":"POST","path":"/login","service":"your-service-name","statusCode":200}
{"duration":"2ms","level":"info","message":"Request processed","method":"GET","path":"//bookings/f0123456-78ab-cdef-0123-456789abcdef","service":"your-service-name","statusCode":404}
{"duration":"6ms","level":"info","message":"Request processed","method":"POST","path":"/login","service":"your-service-name","statusCode":200}
{"duration":"3ms","level":"info","message":"Request processed","method":"PUT","path":"//bookings/f0123456-78ab-cdef-0123-456789abcdef","service":"your-service-name","statusCode":404}
{"duration":"3ms","level":"info","message":"Request processed","method":"POST","path":"/login","service":"your-service-name","statusCode":200}
{"duration":"2ms","level":"info","message":"Request processed","method":"DELETE","path":"//bookings/f0123456-78ab-cdef-0123-456789abcdef","service":"your-service-name","statusCode":404}
{"duration":"4ms","level":"info","message":"Request processed","method":"POST","path":"/login","service":"your-service-name","statusCode":200}
{"duration":"2ms","level":"info","message":"Request processed","method":"GET","path":"//bookings","service":"your-service-name","statusCode":404}
{"duration":"5ms","level":"info","message":"Request processed","method":"POST","path":"/login","service":"your-service-name","statusCode":200}
{"duration":"2ms","level":"info","message":"Request processed","method":"POST","path":"//bookings","service":"your-service-name","statusCode":404}
{"duration":"5ms","level":"info","message":"Request processed","method":"POST","path":"/login","service":"your-service-name","statusCode":200}
{"duration":"3ms","level":"info","message":"Request processed","method":"GET","path":"//reviews/j0123456-78f0-1234-5678-9abcdef01234","service":"your-service-name","statusCode":404}
{"duration":"6ms","level":"info","message":"Request processed","method":"POST","path":"/login","service":"your-service-name","statusCode":200}
{"duration":"2ms","level":"info","message":"Request processed","method":"PUT","path":"//reviews/j0123456-78f0-1234-5678-9abcdef01234","service":"your-service-name","statusCode":404}
{"duration":"5ms","level":"info","message":"Request processed","method":"POST","path":"/login","service":"your-service-name","statusCode":200}
{"duration":"4ms","level":"info","message":"Request processed","method":"DELETE","path":"//reviews/j0123456-78f0-1234-5678-9abcdef01234","service":"your-service-name","statusCode":404}
{"duration":"5ms","level":"info","message":"Request processed","method":"POST","path":"/login","service":"your-service-name","statusCode":200}
{"duration":"1ms","level":"info","message":"Request processed","method":"GET","path":"//reviews","service":"your-service-name","statusCode":404}
{"duration":"4ms","level":"info","message":"Request processed","method":"POST","path":"/login","service":"your-service-name","statusCode":200}
{"duration":"3ms","level":"info","message":"Request processed","method":"POST","path":"//reviews","service":"your-service-name","statusCode":404}
{"duration":"5ms","level":"info","message":"Request processed","method":"POST","path":"/login","service":"your-service-name","statusCode":200}
{"duration":"2ms","level":"info","message":"Request processed","method":"POST","path":"//login","service":"your-service-name","statusCode":404}
{"duration":"7ms","level":"info","message":"Request processed","method":"POST","path":"/login","service":"your-service-name","statusCode":200}
{"duration":"14ms","level":"info","message":"Request processed","method":"POST","path":"/bookings","service":"your-service-name","statusCode":500}
{"duration":"3ms","level":"info","message":"Request processed","method":"POST","path":"/login","service":"your-service-name","statusCode":200}
{"duration":"5ms","level":"info","message":"Request processed","method":"POST","path":"/login","service":"your-service-name","statusCode":200}
{"duration":"8ms","level":"info","message":"Request processed","method":"POST","path":"/bookings","service":"your-service-name","statusCode":500}
{"duration":"7ms","level":"info","message":"Request processed","method":"POST","path":"/login","service":"your-service-name","statusCode":200}
{"duration":"14ms","level":"info","message":"Request processed","method":"POST","path":"/bookings","service":"your-service-name","statusCode":201}
{"duration":"4ms","level":"info","message":"Request processed","method":"POST","path":"/login","service":"your-service-name","statusCode":200}
{"duration":"2ms","level":"info","message":"Request processed","method":"GET","path":"//users/e5678901-23f0-1234-5678-9abcdef01234","service":"your-service-name","statusCode":404}
{"duration":"5ms","level":"info","message":"Request processed","method":"POST","path":"/login","service":"your-service-name","statusCode":200}
{"duration":"2ms","level":"info","message":"Request processed","method":"PUT","path":"//users/e5678901-23f0-1234-5678-9abcdef01234","service":"your-service-name","statusCode":404}
{"duration":"6ms","level":"info","message":"Request processed","method":"POST","path":"/login","service":"your-service-name","statusCode":200}
{"duration":"2ms","level":"info","message":"Request processed","method":"DELETE","path":"//users/e5678901-23f0-1234-5678-9abcdef01234","service":"your-service-name","statusCode":404}
{"duration":"4ms","level":"info","message":"Request processed","method":"POST","path":"/login","service":"your-service-name","statusCode":200}
{"duration":"2ms","level":"info","message":"Request processed","method":"GET","path":"//users","service":"your-service-name","statusCode":404}
{"duration":"3ms","level":"info","message":"Request processed","method":"POST","path":"/login","service":"your-service-name","statusCode":200}
{"duration":"3ms","level":"info","message":"Request processed","method":"POST","path":"//users","service":"your-service-name","statusCode":404}
{"duration":"5ms","level":"info","message":"Request processed","method":"POST","path":"/login","service":"your-service-name","statusCode":200}
{"duration":"2ms","level":"info","message":"Request processed","method":"GET","path":"//hosts/e2345678-90bc-def0-0123-456789abcdef","service":"your-service-name","statusCode":404}
{"duration":"4ms","level":"info","message":"Request processed","method":"POST","path":"/login","service":"your-service-name","statusCode":200}
{"duration":"1ms","level":"info","message":"Request processed","method":"PUT","path":"//hosts/e2345678-90bc-def0-0123-456789abcdef","service":"your-service-name","statusCode":404}
{"duration":"4ms","level":"info","message":"Request processed","method":"POST","path":"/login","service":"your-service-name","statusCode":200}
{"duration":"2ms","level":"info","message":"Request processed","method":"DELETE","path":"//hosts/e2345678-90bc-def0-0123-456789abcdef","service":"your-service-name","statusCode":404}
{"duration":"5ms","level":"info","message":"Request processed","method":"POST","path":"/login","service":"your-service-name","statusCode":200}
{"duration":"3ms","level":"info","message":"Request processed","method":"GET","path":"//hosts","service":"your-service-name","statusCode":404}
{"duration":"4ms","level":"info","message":"Request processed","method":"POST","path":"/login","service":"your-service-name","statusCode":200}
{"duration":"2ms","level":"info","message":"Request processed","method":"POST","path":"//hosts","service":"your-service-name","statusCode":404}
{"duration":"4ms","level":"info","message":"Request processed","method":"POST","path":"/login","service":"your-service-name","statusCode":200}
{"duration":"2ms","level":"info","message":"Request processed","method":"GET","path":"//properties/i1234567-89f0-1234-5678-9abcdef01234","service":"your-service-name","statusCode":404}
{"duration":"5ms","level":"info","message":"Request processed","method":"POST","path":"/login","service":"your-service-name","statusCode":200}
{"duration":"3ms","level":"info","message":"Request processed","method":"PUT","path":"//properties/i1234567-89f0-1234-5678-9abcdef01234","service":"your-service-name","statusCode":404}
{"duration":"4ms","level":"info","message":"Request processed","method":"POST","path":"/login","service":"your-service-name","statusCode":200}
{"duration":"2ms","level":"info","message":"Request processed","method":"DELETE","path":"//properties/i1234567-89f0-1234-5678-9abcdef01234","service":"your-service-name","statusCode":404}
{"duration":"4ms","level":"info","message":"Request processed","method":"POST","path":"/login","service":"your-service-name","statusCode":200}
{"duration":"2ms","level":"info","message":"Request processed","method":"GET","path":"//properties","service":"your-service-name","statusCode":404}
{"duration":"5ms","level":"info","message":"Request processed","method":"POST","path":"/login","service":"your-service-name","statusCode":200}
{"duration":"2ms","level":"info","message":"Request processed","method":"POST","path":"//properties","service":"your-service-name","statusCode":404}
{"duration":"4ms","level":"info","message":"Request processed","method":"POST","path":"/login","service":"your-service-name","statusCode":200}
{"duration":"2ms","level":"info","message":"Request processed","method":"GET","path":"//amenities/u3456789-01rs-tuvw-01cd-ef0123456789","service":"your-service-name","statusCode":404}
{"duration":"3ms","level":"info","message":"Request processed","method":"POST","path":"/login","service":"your-service-name","statusCode":200}
{"duration":"3ms","level":"info","message":"Request processed","method":"PUT","path":"//amenities/u3456789-01rs-tuvw-01cd-ef0123456789","service":"your-service-name","statusCode":404}
{"duration":"4ms","level":"info","message":"Request processed","method":"POST","path":"/login","service":"your-service-name","statusCode":200}
{"duration":"2ms","level":"info","message":"Request processed","method":"DELETE","path":"//amenities/u3456789-01rs-tuvw-01cd-ef0123456789","service":"your-service-name","statusCode":404}
{"duration":"4ms","level":"info","message":"Request processed","method":"POST","path":"/login","service":"your-service-name","statusCode":200}
{"duration":"2ms","level":"info","message":"Request processed","method":"GET","path":"//amenities","service":"your-service-name","statusCode":404}
{"duration":"4ms","level":"info","message":"Request processed","method":"POST","path":"/login","service":"your-service-name","statusCode":200}
{"duration":"3ms","level":"info","message":"Request processed","method":"POST","path":"//amenities","service":"your-service-name","statusCode":404}
{"duration":"4ms","level":"info","message":"Request processed","method":"POST","path":"/login","service":"your-service-name","statusCode":200}
{"duration":"1ms","level":"info","message":"Request processed","method":"GET","path":"//bookings/f0123456-78ab-cdef-0123-456789abcdef","service":"your-service-name","statusCode":404}
{"duration":"4ms","level":"info","message":"Request processed","method":"POST","path":"/login","service":"your-service-name","statusCode":200}
{"duration":"1ms","level":"info","message":"Request processed","method":"PUT","path":"//bookings/f0123456-78ab-cdef-0123-456789abcdef","service":"your-service-name","statusCode":404}
{"duration":"4ms","level":"info","message":"Request processed","method":"POST","path":"/login","service":"your-service-name","statusCode":200}
{"duration":"3ms","level":"info","message":"Request processed","method":"DELETE","path":"//bookings/f0123456-78ab-cdef-0123-456789abcdef","service":"your-service-name","statusCode":404}
{"duration":"4ms","level":"info","message":"Request processed","method":"POST","path":"/login","service":"your-service-name","statusCode":200}
{"duration":"3ms","level":"info","message":"Request processed","method":"GET","path":"//bookings","service":"your-service-name","statusCode":404}
{"duration":"3ms","level":"info","message":"Request processed","method":"POST","path":"/login","service":"your-service-name","statusCode":200}
{"duration":"2ms","level":"info","message":"Request processed","method":"POST","path":"//bookings","service":"your-service-name","statusCode":404}
{"duration":"4ms","level":"info","message":"Request processed","method":"POST","path":"/login","service":"your-service-name","statusCode":200}
{"duration":"2ms","level":"info","message":"Request processed","method":"GET","path":"//reviews/j0123456-78f0-1234-5678-9abcdef01234","service":"your-service-name","statusCode":404}
{"duration":"3ms","level":"info","message":"Request processed","method":"POST","path":"/login","service":"your-service-name","statusCode":200}
{"duration":"2ms","level":"info","message":"Request processed","method":"PUT","path":"//reviews/j0123456-78f0-1234-5678-9abcdef01234","service":"your-service-name","statusCode":404}
{"duration":"5ms","level":"info","message":"Request processed","method":"POST","path":"/login","service":"your-service-name","statusCode":200}
{"duration":"3ms","level":"info","message":"Request processed","method":"DELETE","path":"//reviews/j0123456-78f0-1234-5678-9abcdef01234","service":"your-service-name","statusCode":404}
{"duration":"5ms","level":"info","message":"Request processed","method":"POST","path":"/login","service":"your-service-name","statusCode":200}
{"duration":"2ms","level":"info","message":"Request processed","method":"GET","path":"//reviews","service":"your-service-name","statusCode":404}
{"duration":"3ms","level":"info","message":"Request processed","method":"POST","path":"/login","service":"your-service-name","statusCode":200}
{"duration":"2ms","level":"info","message":"Request processed","method":"POST","path":"//reviews","service":"your-service-name","statusCode":404}
{"duration":"5ms","level":"info","message":"Request processed","method":"POST","path":"/login","service":"your-service-name","statusCode":200}
{"duration":"2ms","level":"info","message":"Request processed","method":"POST","path":"//login","service":"your-service-name","statusCode":404}
{"duration":"6ms","level":"info","message":"Request processed","method":"GET","path":"/users/a1234567-89ab-cdef-0123-456789abcdef","service":"your-service-name","statusCode":403}
{"duration":"8ms","level":"info","message":"Request processed","method":"GET","path":"/users/a1234567-89ab-cdef-0123-456789abcdef","service":"your-service-name","statusCode":200}
{"duration":"11ms","level":"info","message":"Request processed","method":"POST","path":"/login","service":"your-service-name","statusCode":200}
{"duration":"2ms","level":"info","message":"Request processed","method":"GET","path":"//users/e5678901-23f0-1234-5678-9abcdef01234","service":"your-service-name","statusCode":404}
{"duration":"4ms","level":"info","message":"Request processed","method":"POST","path":"/login","service":"your-service-name","statusCode":200}
{"duration":"1ms","level":"info","message":"Request processed","method":"PUT","path":"//users/e5678901-23f0-1234-5678-9abcdef01234","service":"your-service-name","statusCode":404}
{"duration":"5ms","level":"info","message":"Request processed","method":"POST","path":"/login","service":"your-service-name","statusCode":200}
{"duration":"3ms","level":"info","message":"Request processed","method":"DELETE","path":"//users/e5678901-23f0-1234-5678-9abcdef01234","service":"your-service-name","statusCode":404}
{"duration":"4ms","level":"info","message":"Request processed","method":"POST","path":"/login","service":"your-service-name","statusCode":200}
{"duration":"3ms","level":"info","message":"Request processed","method":"GET","path":"//users","service":"your-service-name","statusCode":404}
{"duration":"5ms","level":"info","message":"Request processed","method":"POST","path":"/login","service":"your-service-name","statusCode":200}
{"duration":"1ms","level":"info","message":"Request processed","method":"POST","path":"//users","service":"your-service-name","statusCode":404}
{"duration":"3ms","level":"info","message":"Request processed","method":"POST","path":"/login","service":"your-service-name","statusCode":200}
{"duration":"1ms","level":"info","message":"Request processed","method":"GET","path":"//hosts/e2345678-90bc-def0-0123-456789abcdef","service":"your-service-name","statusCode":404}
{"duration":"5ms","level":"info","message":"Request processed","method":"POST","path":"/login","service":"your-service-name","statusCode":200}
{"duration":"2ms","level":"info","message":"Request processed","method":"PUT","path":"//hosts/e2345678-90bc-def0-0123-456789abcdef","service":"your-service-name","statusCode":404}
{"duration":"6ms","level":"info","message":"Request processed","method":"POST","path":"/login","service":"your-service-name","statusCode":200}
{"duration":"2ms","level":"info","message":"Request processed","method":"DELETE","path":"//hosts/e2345678-90bc-def0-0123-456789abcdef","service":"your-service-name","statusCode":404}
{"duration":"4ms","level":"info","message":"Request processed","method":"POST","path":"/login","service":"your-service-name","statusCode":200}
{"duration":"2ms","level":"info","message":"Request processed","method":"GET","path":"//hosts","service":"your-service-name","statusCode":404}
{"duration":"4ms","level":"info","message":"Request processed","method":"POST","path":"/login","service":"your-service-name","statusCode":200}
{"duration":"1ms","level":"info","message":"Request processed","method":"POST","path":"//hosts","service":"your-service-name","statusCode":404}
{"duration":"5ms","level":"info","message":"Request processed","method":"POST","path":"/login","service":"your-service-name","statusCode":200}
{"duration":"1ms","level":"info","message":"Request processed","method":"GET","path":"//properties/i1234567-89f0-1234-5678-9abcdef01234","service":"your-service-name","statusCode":404}
{"duration":"5ms","level":"info","message":"Request processed","method":"POST","path":"/login","service":"your-service-name","statusCode":200}
{"duration":"3ms","level":"info","message":"Request processed","method":"PUT","path":"//properties/i1234567-89f0-1234-5678-9abcdef01234","service":"your-service-name","statusCode":404}
{"duration":"4ms","level":"info","message":"Request processed","method":"POST","path":"/login","service":"your-service-name","statusCode":200}
{"duration":"2ms","level":"info","message":"Request processed","method":"DELETE","path":"//properties/i1234567-89f0-1234-5678-9abcdef01234","service":"your-service-name","statusCode":404}
{"duration":"4ms","level":"info","message":"Request processed","method":"POST","path":"/login","service":"your-service-name","statusCode":200}
{"duration":"1ms","level":"info","message":"Request processed","method":"GET","path":"//properties","service":"your-service-name","statusCode":404}
{"duration":"4ms","level":"info","message":"Request processed","method":"POST","path":"/login","service":"your-service-name","statusCode":200}
{"duration":"2ms","level":"info","message":"Request processed","method":"POST","path":"//properties","service":"your-service-name","statusCode":404}
{"duration":"5ms","level":"info","message":"Request processed","method":"POST","path":"/login","service":"your-service-name","statusCode":200}
{"duration":"2ms","level":"info","message":"Request processed","method":"GET","path":"//amenities/u3456789-01rs-tuvw-01cd-ef0123456789","service":"your-service-name","statusCode":404}
{"duration":"4ms","level":"info","message":"Request processed","method":"POST","path":"/login","service":"your-service-name","statusCode":200}
{"duration":"2ms","level":"info","message":"Request processed","method":"PUT","path":"//amenities/u3456789-01rs-tuvw-01cd-ef0123456789","service":"your-service-name","statusCode":404}
{"duration":"3ms","level":"info","message":"Request processed","method":"POST","path":"/login","service":"your-service-name","statusCode":200}
{"duration":"2ms","level":"info","message":"Request processed","method":"DELETE","path":"//amenities/u3456789-01rs-tuvw-01cd-ef0123456789","service":"your-service-name","statusCode":404}
{"duration":"3ms","level":"info","message":"Request processed","method":"POST","path":"/login","service":"your-service-name","statusCode":200}
{"duration":"1ms","level":"info","message":"Request processed","method":"GET","path":"//amenities","service":"your-service-name","statusCode":404}
{"duration":"3ms","level":"info","message":"Request processed","method":"POST","path":"/login","service":"your-service-name","statusCode":200}
{"duration":"1ms","level":"info","message":"Request processed","method":"POST","path":"//amenities","service":"your-service-name","statusCode":404}
{"duration":"3ms","level":"info","message":"Request processed","method":"POST","path":"/login","service":"your-service-name","statusCode":200}
{"duration":"1ms","level":"info","message":"Request processed","method":"GET","path":"//bookings/f0123456-78ab-cdef-0123-456789abcdef","service":"your-service-name","statusCode":404}
{"duration":"6ms","level":"info","message":"Request processed","method":"POST","path":"/login","service":"your-service-name","statusCode":200}
{"duration":"2ms","level":"info","message":"Request processed","method":"PUT","path":"//bookings/f0123456-78ab-cdef-0123-456789abcdef","service":"your-service-name","statusCode":404}
{"duration":"5ms","level":"info","message":"Request processed","method":"POST","path":"/login","service":"your-service-name","statusCode":200}
{"duration":"1ms","level":"info","message":"Request processed","method":"DELETE","path":"//bookings/f0123456-78ab-cdef-0123-456789abcdef","service":"your-service-name","statusCode":404}
{"duration":"5ms","level":"info","message":"Request processed","method":"POST","path":"/login","service":"your-service-name","statusCode":200}
{"duration":"2ms","level":"info","message":"Request processed","method":"GET","path":"//bookings","service":"your-service-name","statusCode":404}
{"duration":"4ms","level":"info","message":"Request processed","method":"POST","path":"/login","service":"your-service-name","statusCode":200}
{"duration":"2ms","level":"info","message":"Request processed","method":"POST","path":"//bookings","service":"your-service-name","statusCode":404}
{"duration":"3ms","level":"info","message":"Request processed","method":"POST","path":"/login","service":"your-service-name","statusCode":200}
{"duration":"1ms","level":"info","message":"Request processed","method":"GET","path":"//reviews/j0123456-78f0-1234-5678-9abcdef01234","service":"your-service-name","statusCode":404}
{"duration":"3ms","level":"info","message":"Request processed","method":"POST","path":"/login","service":"your-service-name","statusCode":200}
{"duration":"2ms","level":"info","message":"Request processed","method":"PUT","path":"//reviews/j0123456-78f0-1234-5678-9abcdef01234","service":"your-service-name","statusCode":404}
{"duration":"5ms","level":"info","message":"Request processed","method":"POST","path":"/login","service":"your-service-name","statusCode":200}
{"duration":"2ms","level":"info","message":"Request processed","method":"DELETE","path":"//reviews/j0123456-78f0-1234-5678-9abcdef01234","service":"your-service-name","statusCode":404}
{"duration":"5ms","level":"info","message":"Request processed","method":"POST","path":"/login","service":"your-service-name","statusCode":200}
{"duration":"3ms","level":"info","message":"Request processed","method":"GET","path":"//reviews","service":"your-service-name","statusCode":404}
{"duration":"5ms","level":"info","message":"Request processed","method":"POST","path":"/login","service":"your-service-name","statusCode":200}
{"duration":"2ms","level":"info","message":"Request processed","method":"POST","path":"//reviews","service":"your-service-name","statusCode":404}
{"duration":"4ms","level":"info","message":"Request processed","method":"POST","path":"/login","service":"your-service-name","statusCode":200}
{"duration":"2ms","level":"info","message":"Request processed","method":"POST","path":"//login","service":"your-service-name","statusCode":404}
{"duration":"31ms","level":"info","message":"Request processed","method":"POST","path":"/login","service":"your-service-name","statusCode":200}
{"duration":"5ms","level":"info","message":"Request processed","method":"GET","path":"//users/e5678901-23f0-1234-5678-9abcdef01234","service":"your-service-name","statusCode":404}
{"duration":"6ms","level":"info","message":"Request processed","method":"POST","path":"/login","service":"your-service-name","statusCode":200}
{"duration":"3ms","level":"info","message":"Request processed","method":"PUT","path":"//users/e5678901-23f0-1234-5678-9abcdef01234","service":"your-service-name","statusCode":404}
{"duration":"7ms","level":"info","message":"Request processed","method":"POST","path":"/login","service":"your-service-name","statusCode":200}
{"duration":"3ms","level":"info","message":"Request processed","method":"DELETE","path":"//users/e5678901-23f0-1234-5678-9abcdef01234","service":"your-service-name","statusCode":404}
{"duration":"5ms","level":"info","message":"Request processed","method":"POST","path":"/login","service":"your-service-name","statusCode":200}
{"duration":"2ms","level":"info","message":"Request processed","method":"GET","path":"//users","service":"your-service-name","statusCode":404}
{"duration":"6ms","level":"info","message":"Request processed","method":"POST","path":"/login","service":"your-service-name","statusCode":200}
{"duration":"4ms","level":"info","message":"Request processed","method":"POST","path":"//users","service":"your-service-name","statusCode":404}
{"duration":"6ms","level":"info","message":"Request processed","method":"POST","path":"/login","service":"your-service-name","statusCode":200}
{"duration":"2ms","level":"info","message":"Request processed","method":"GET","path":"//hosts/e2345678-90bc-def0-0123-456789abcdef","service":"your-service-name","statusCode":404}
{"duration":"5ms","level":"info","message":"Request processed","method":"POST","path":"/login","service":"your-service-name","statusCode":200}
{"duration":"4ms","level":"info","message":"Request processed","method":"PUT","path":"//hosts/e2345678-90bc-def0-0123-456789abcdef","service":"your-service-name","statusCode":404}
{"duration":"5ms","level":"info","message":"Request processed","method":"POST","path":"/login","service":"your-service-name","statusCode":200}
{"duration":"2ms","level":"info","message":"Request processed","method":"DELETE","path":"//hosts/e2345678-90bc-def0-0123-456789abcdef","service":"your-service-name","statusCode":404}
{"duration":"5ms","level":"info","message":"Request processed","method":"POST","path":"/login","service":"your-service-name","statusCode":200}
{"duration":"2ms","level":"info","message":"Request processed","method":"GET","path":"//hosts","service":"your-service-name","statusCode":404}
{"duration":"7ms","level":"info","message":"Request processed","method":"POST","path":"/login","service":"your-service-name","statusCode":200}
{"duration":"2ms","level":"info","message":"Request processed","method":"POST","path":"//hosts","service":"your-service-name","statusCode":404}
{"duration":"5ms","level":"info","message":"Request processed","method":"POST","path":"/login","service":"your-service-name","statusCode":200}
{"duration":"2ms","level":"info","message":"Request processed","method":"GET","path":"//properties/i1234567-89f0-1234-5678-9abcdef01234","service":"your-service-name","statusCode":404}
{"duration":"4ms","level":"info","message":"Request processed","method":"POST","path":"/login","service":"your-service-name","statusCode":200}
{"duration":"1ms","level":"info","message":"Request processed","method":"PUT","path":"//properties/i1234567-89f0-1234-5678-9abcdef01234","service":"your-service-name","statusCode":404}
{"duration":"6ms","level":"info","message":"Request processed","method":"POST","path":"/login","service":"your-service-name","statusCode":200}
{"duration":"3ms","level":"info","message":"Request processed","method":"DELETE","path":"//properties/i1234567-89f0-1234-5678-9abcdef01234","service":"your-service-name","statusCode":404}
{"duration":"5ms","level":"info","message":"Request processed","method":"POST","path":"/login","service":"your-service-name","statusCode":200}
{"duration":"2ms","level":"info","message":"Request processed","method":"GET","path":"//properties","service":"your-service-name","statusCode":404}
{"duration":"7ms","level":"info","message":"Request processed","method":"POST","path":"/login","service":"your-service-name","statusCode":200}
{"duration":"2ms","level":"info","message":"Request processed","method":"POST","path":"//properties","service":"your-service-name","statusCode":404}
{"duration":"6ms","level":"info","message":"Request processed","method":"POST","path":"/login","service":"your-service-name","statusCode":200}
{"duration":"2ms","level":"info","message":"Request processed","method":"GET","path":"//amenities/u3456789-01rs-tuvw-01cd-ef0123456789","service":"your-service-name","statusCode":404}
{"duration":"5ms","level":"info","message":"Request processed","method":"POST","path":"/login","service":"your-service-name","statusCode":200}
{"duration":"2ms","level":"info","message":"Request processed","method":"PUT","path":"//amenities/u3456789-01rs-tuvw-01cd-ef0123456789","service":"your-service-name","statusCode":404}
{"duration":"7ms","level":"info","message":"Request processed","method":"POST","path":"/login","service":"your-service-name","statusCode":200}
{"duration":"2ms","level":"info","message":"Request processed","method":"DELETE","path":"//amenities/u3456789-01rs-tuvw-01cd-ef0123456789","service":"your-service-name","statusCode":404}
{"duration":"4ms","level":"info","message":"Request processed","method":"POST","path":"/login","service":"your-service-name","statusCode":200}
{"duration":"2ms","level":"info","message":"Request processed","method":"GET","path":"//amenities","service":"your-service-name","statusCode":404}
{"duration":"7ms","level":"info","message":"Request processed","method":"POST","path":"/login","service":"your-service-name","statusCode":200}
{"duration":"2ms","level":"info","message":"Request processed","method":"POST","path":"//amenities","service":"your-service-name","statusCode":404}
{"duration":"4ms","level":"info","message":"Request processed","method":"POST","path":"/login","service":"your-service-name","statusCode":200}
{"duration":"2ms","level":"info","message":"Request processed","method":"GET","path":"//bookings/f0123456-78ab-cdef-0123-456789abcdef","service":"your-service-name","statusCode":404}
{"duration":"6ms","level":"info","message":"Request processed","method":"POST","path":"/login","service":"your-service-name","statusCode":200}
{"duration":"2ms","level":"info","message":"Request processed","method":"PUT","path":"//bookings/f0123456-78ab-cdef-0123-456789abcdef","service":"your-service-name","statusCode":404}
{"duration":"5ms","level":"info","message":"Request processed","method":"POST","path":"/login","service":"your-service-name","statusCode":200}
{"duration":"2ms","level":"info","message":"Request processed","method":"DELETE","path":"//bookings/f0123456-78ab-cdef-0123-456789abcdef","service":"your-service-name","statusCode":404}
{"duration":"5ms","level":"info","message":"Request processed","method":"POST","path":"/login","service":"your-service-name","statusCode":200}
{"duration":"2ms","level":"info","message":"Request processed","method":"GET","path":"//bookings","service":"your-service-name","statusCode":404}
{"duration":"5ms","level":"info","message":"Request processed","method":"POST","path":"/login","service":"your-service-name","statusCode":200}
{"duration":"2ms","level":"info","message":"Request processed","method":"POST","path":"//bookings","service":"your-service-name","statusCode":404}
{"duration":"4ms","level":"info","message":"Request processed","method":"POST","path":"/login","service":"your-service-name","statusCode":200}
{"duration":"2ms","level":"info","message":"Request processed","method":"GET","path":"//reviews/j0123456-78f0-1234-5678-9abcdef01234","service":"your-service-name","statusCode":404}
{"duration":"5ms","level":"info","message":"Request processed","method":"POST","path":"/login","service":"your-service-name","statusCode":200}
{"duration":"2ms","level":"info","message":"Request processed","method":"PUT","path":"//reviews/j0123456-78f0-1234-5678-9abcdef01234","service":"your-service-name","statusCode":404}
{"duration":"5ms","level":"info","message":"Request processed","method":"POST","path":"/login","service":"your-service-name","statusCode":200}
{"duration":"2ms","level":"info","message":"Request processed","method":"DELETE","path":"//reviews/j0123456-78f0-1234-5678-9abcdef01234","service":"your-service-name","statusCode":404}
{"duration":"5ms","level":"info","message":"Request processed","method":"POST","path":"/login","service":"your-service-name","statusCode":200}
{"duration":"2ms","level":"info","message":"Request processed","method":"GET","path":"//reviews","service":"your-service-name","statusCode":404}
{"duration":"5ms","level":"info","message":"Request processed","method":"POST","path":"/login","service":"your-service-name","statusCode":200}
{"duration":"2ms","level":"info","message":"Request processed","method":"POST","path":"//reviews","service":"your-service-name","statusCode":404}
{"duration":"4ms","level":"info","message":"Request processed","method":"POST","path":"/login","service":"your-service-name","statusCode":200}
{"duration":"3ms","level":"info","message":"Request processed","method":"POST","path":"//login","service":"your-service-name","statusCode":404}
{"duration":"16ms","level":"info","message":"Request processed","method":"GET","path":"/users","service":"your-service-name","statusCode":403}
{"duration":"34ms","level":"info","message":"Request processed","method":"POST","path":"/login","service":"your-service-name","statusCode":200}
{"duration":"8ms","level":"info","message":"Request processed","method":"GET","path":"/users","service":"your-service-name","statusCode":200}
{"duration":"6ms","level":"info","message":"Request processed","method":"POST","path":"/login","service":"your-service-name","statusCode":200}
{"duration":"5ms","level":"info","message":"Request processed","method":"POST","path":"/bookings","service":"your-service-name","statusCode":403}
{"duration":"5ms","level":"info","message":"Request processed","method":"POST","path":"/login","service":"your-service-name","statusCode":200}
{"duration":"13ms","level":"info","message":"Request processed","method":"POST","path":"/bookings","service":"your-service-name","statusCode":201}
{"duration":"8ms","level":"info","message":"Request processed","method":"GET","path":"/users/a1234567-89ab-cdef-0123-456789abcdef","service":"your-service-name","statusCode":200}
{"duration":"5ms","level":"info","message":"Request processed","method":"GET","path":"/users/a1234567-89ab-cdef-0123-456789abcde","service":"your-service-name","statusCode":404}
{"duration":"24ms","level":"info","message":"Request processed","method":"GET","path":"/users/a1234567-89ab-cdef-0123-456789abcde","service":"your-service-name","statusCode":200}
{"duration":"19ms","level":"info","message":"Request processed","method":"GET","path":"/users/a1234567-89ab-cdef-0123-456789abcde","service":"your-service-name","statusCode":200}
{"duration":"4ms","level":"info","message":"Request processed","method":"GET","path":"/users/a1234567-89ab-cdef-0123-456789abcdef","service":"your-service-name","statusCode":200}
{"duration":"25ms","level":"info","message":"Request processed","method":"POST","path":"/login","service":"your-service-name","statusCode":200}
{"duration":"3ms","level":"info","message":"Request processed","method":"POST","path":"/users","service":"your-service-name","statusCode":404}
{"duration":"2ms","level":"info","message":"Request processed","method":"POST","path":"/users","service":"your-service-name","statusCode":404}
{"duration":"17ms","level":"info","message":"Request processed","method":"POST","path":"/users","service":"your-service-name","statusCode":403}
{"duration":"11ms","level":"info","message":"Request processed","method":"POST","path":"/login","service":"your-service-name","statusCode":200}
{"duration":"2ms","level":"info","message":"Request processed","method":"POST","path":"/users","service":"your-service-name","statusCode":403}
{"duration":"2ms","level":"info","message":"Request processed","method":"POST","path":"/users","service":"your-service-name","statusCode":403}
{"duration":"6ms","level":"info","message":"Request processed","method":"POST","path":"/login","service":"your-service-name","statusCode":200}
{"duration":"11ms","level":"info","message":"Request processed","method":"POST","path":"/users","service":"your-service-name","statusCode":201}
{"duration":"49ms","level":"info","message":"Request processed","method":"POST","path":"/users","service":"your-service-name","statusCode":201}
{"duration":"17ms","level":"info","message":"Request processed","method":"POST","path":"/users","service":"your-service-name","statusCode":404}
{"duration":"21ms","level":"info","message":"Request processed","method":"POST","path":"/users","service":"your-service-name","statusCode":404}
{"duration":"5ms","level":"info","message":"Request processed","method":"POST","path":"/users","service":"your-service-name","statusCode":404}
{"duration":"23ms","level":"info","message":"Request processed","method":"POST","path":"/users","service":"your-service-name","statusCode":403}
{"duration":"17ms","level":"info","message":"Request processed","method":"POST","path":"/login","service":"your-service-name","statusCode":200}
{"duration":"22ms","level":"info","message":"Request processed","method":"POST","path":"/users","service":"your-service-name","statusCode":201}
{"duration":"20ms","level":"info","message":"Request processed","method":"GET","path":"/users","service":"your-service-name","statusCode":200}
{"duration":"8ms","level":"info","message":"Request processed","method":"GET","path":"/a1234567-89ab-cdef-0123-456789abcdef","service":"your-service-name","statusCode":200}
{"duration":"35ms","level":"info","message":"Request processed","method":"POST","path":"/","service":"your-service-name","statusCode":201}
{"duration":"13ms","level":"info","message":"Request processed","method":"PUT","path":"/628c0eae-3b14-40ae-ac63-b83d82d6bc85","service":"your-service-name","statusCode":500}
{"duration":"8ms","level":"info","message":"Request processed","method":"PUT","path":"/2d95b6e7-80c0-470d-bf1c-6bc98dad4d4f","service":"your-service-name","statusCode":500}
{"duration":"23ms","level":"info","message":"Request processed","method":"PUT","path":"/2d95b6e7-80c0-470d-bf1c-6bc98dad4d4f","service":"your-service-name","statusCode":200}
{"duration":"10ms","level":"info","message":"Request processed","method":"PUT","path":"/2d95b6e7-80c0-470d-bf1c-6bc98dad4d4","service":"your-service-name","statusCode":500}
{"duration":"24ms","level":"info","message":"Request processed","method":"GET","path":"/bookings","service":"your-service-name","statusCode":200}
{"duration":"15ms","level":"info","message":"Request processed","method":"POST","path":"/bookings","service":"your-service-name","statusCode":404}
{"duration":"51ms","level":"info","message":"Request processed","method":"POST","path":"/","service":"your-service-name","statusCode":201}
{"duration":"24ms","level":"info","message":"Request processed","method":"GET","path":"/3d44e01b-d8fe-4f15-8029-0f0e85d0c4fe","service":"your-service-name","statusCode":200}
{"duration":"17ms","level":"info","message":"Request processed","method":"PUT","path":"/3d44e01b-d8fe-4f15-8029-0f0e85d0c4fe","service":"your-service-name","statusCode":403}
{"duration":"5ms","level":"info","message":"Request processed","method":"PUT","path":"/3d44e01b-d8fe-4f15-8029-0f0e85d0c4fe","service":"your-service-name","statusCode":403}
{"duration":"9ms","level":"info","message":"Request processed","method":"POST","path":"/login","service":"your-service-name","statusCode":200}
{"duration":"24ms","level":"info","message":"Request processed","method":"PUT","path":"/3d44e01b-d8fe-4f15-8029-0f0e85d0c4fe","service":"your-service-name","statusCode":200}
{"duration":"21ms","level":"info","message":"Request processed","method":"DELETE","path":"/3d44e01b-d8fe-4f15-8029-0f0e85d0c4fe","service":"your-service-name","statusCode":200}
{"duration":"6ms","level":"info","message":"Request processed","method":"GET","path":"/3d44e01b-d8fe-4f15-8029-0f0e85d0c4fe","service":"your-service-name","statusCode":200}
{"duration":"23ms","level":"info","message":"Request processed","method":"GET","path":"/","service":"your-service-name","statusCode":200}
{"duration":"8ms","level":"info","message":"Request processed","method":"GET","path":"/","service":"your-service-name","statusCode":200}
{"duration":"8ms","level":"info","message":"Request processed","method":"GET","path":"/properties","service":"your-service-name","statusCode":200}
{"duration":"6ms","level":"info","message":"Request processed","method":"GET","path":"/b4ce8e4c-18ff-417f-aded-91eead4315f4","service":"your-service-name","statusCode":403}
{"duration":"21ms","level":"info","message":"Request processed","method":"POST","path":"/login","service":"your-service-name","statusCode":200}
{"duration":"9ms","level":"info","message":"Request processed","method":"GET","path":"/b4ce8e4c-18ff-417f-aded-91eead4315f4","service":"your-service-name","statusCode":200}
{"duration":"7ms","level":"info","message":"Request processed","method":"GET","path":"/g9012345-67ef-0123-4567-89abcdef0123","service":"your-service-name","statusCode":200}
{"duration":"3ms","level":"info","message":"Request processed","method":"GET","path":"//properties","service":"your-service-name","statusCode":404}
{"duration":"3ms","level":"info","message":"Request processed","method":"GET","path":"//properties","service":"your-service-name","statusCode":404}
{"duration":"3ms","level":"info","message":"Request processed","method":"GET","path":"//properties","service":"your-service-name","statusCode":404}
{"duration":"6ms","level":"info","message":"Request processed","method":"GET","path":"/properties","service":"your-service-name","statusCode":200}
{"duration":"6ms","level":"info","message":"Request processed","method":"GET","path":"/properties","service":"your-service-name","statusCode":200}
{"duration":"8ms","level":"info","message":"Request processed","method":"GET","path":"/properties","service":"your-service-name","statusCode":200}
{"duration":"7ms","level":"info","message":"Request processed","method":"GET","path":"/properties","service":"your-service-name","statusCode":200}
{"duration":"23ms","level":"info","message":"Request processed","method":"GET","path":"/properties","service":"your-service-name","statusCode":200}
{"duration":"33ms","level":"info","message":"Request processed","method":"POST","path":"/login","service":"your-service-name","statusCode":200}
{"duration":"14ms","level":"info","message":"Request processed","method":"GET","path":"/properties","service":"your-service-name","statusCode":200}
{"duration":"7ms","level":"info","message":"Request processed","method":"GET","path":"/properties","service":"your-service-name","statusCode":200}
{"duration":"4ms","level":"info","message":"Request processed","method":"GET","path":"/properties","service":"your-service-name","statusCode":200}
{"duration":"7ms","level":"info","message":"Request processed","method":"GET","path":"/properties","service":"your-service-name","statusCode":200}
{"duration":"36ms","level":"info","message":"Request processed","method":"POST","path":"/login","service":"your-service-name","statusCode":200}
{"duration":"10ms","level":"info","message":"Request processed","method":"GET","path":"/properties","service":"your-service-name","statusCode":200}
{"duration":"5ms","level":"info","message":"Request processed","method":"GET","path":"/properties","service":"your-service-name","statusCode":200}
{"duration":"5ms","level":"info","message":"Request processed","method":"GET","path":"/properties","service":"your-service-name","statusCode":200}
{"duration":"6ms","level":"info","message":"Request processed","method":"GET","path":"/properties","service":"your-service-name","statusCode":200}
{"duration":"7ms","level":"info","message":"Request processed","method":"GET","path":"/properties","service":"your-service-name","statusCode":200}
{"duration":"7ms","level":"info","message":"Request processed","method":"GET","path":"/properties","service":"your-service-name","statusCode":200}
{"duration":"13ms","level":"info","message":"Request processed","method":"POST","path":"/","service":"your-service-name","statusCode":500}
{"duration":"11ms","level":"info","message":"Request processed","method":"POST","path":"/","service":"your-service-name","statusCode":500}
{"duration":"23ms","level":"info","message":"Request processed","method":"POST","path":"/","service":"your-service-name","statusCode":201}
{"duration":"6ms","level":"info","message":"Request processed","method":"GET","path":"/properties","service":"your-service-name","statusCode":200}
{"duration":"7ms","level":"info","message":"Request processed","method":"GET","path":"/properties","service":"your-service-name","statusCode":200}
{"duration":"7ms","level":"info","message":"Request processed","method":"GET","path":"/properties","service":"your-service-name","statusCode":200}
{"duration":"6ms","level":"info","message":"Request processed","method":"GET","path":"/properties","service":"your-service-name","statusCode":200}
{"duration":"3ms","level":"info","message":"Request processed","method":"GET","path":"/properties","service":"your-service-name","statusCode":401}
{"duration":"1ms","level":"info","message":"Request processed","method":"GET","path":"/","service":"your-service-name","statusCode":200}
{"duration":"4ms","level":"info","message":"Request processed","method":"GET","path":"/favicon.ico","service":"your-service-name","statusCode":404}
{"duration":"6ms","level":"info","message":"Request processed","method":"GET","path":"/b4ce8e4c-18ff-417f-aded-91eead4315f4","service":"your-service-name","statusCode":200}
{"duration":"7ms","level":"info","message":"Request processed","method":"GET","path":"/properties/","service":"your-service-name","statusCode":200}
{"duration":"9ms","level":"info","message":"Request processed","method":"GET","path":"/6eeefdcc-c652-433b-aafe-119536151de4","service":"your-service-name","statusCode":200}
{"duration":"6ms","level":"info","message":"Request processed","method":"GET","path":"/properties","service":"your-service-name","statusCode":200}
{"duration":"6ms","level":"info","message":"Request processed","method":"GET","path":"/properties","service":"your-service-name","statusCode":200}
{"duration":"4ms","level":"info","message":"Request processed","method":"GET","path":"/users","service":"your-service-name","statusCode":403}
{"duration":"6ms","level":"info","message":"Request processed","method":"GET","path":"/users","service":"your-service-name","statusCode":200}
{"duration":"5ms","level":"info","message":"Request processed","method":"GET","path":"/users","service":"your-service-name","statusCode":200}
{"duration":"23ms","level":"info","message":"Request processed","method":"POST","path":"/","service":"your-service-name","statusCode":201}
{"duration":"5ms","level":"info","message":"Request processed","method":"GET","path":"/properties","service":"your-service-name","statusCode":200}
{"duration":"4ms","level":"info","message":"Request processed","method":"GET","path":"/properties","service":"your-service-name","statusCode":200}
{"duration":"6ms","level":"info","message":"Request processed","method":"GET","path":"/properties","service":"your-service-name","statusCode":200}
{"duration":"24ms","level":"info","message":"Request processed","method":"GET","path":"/properties","service":"your-service-name","statusCode":200}
{"duration":"37ms","level":"info","message":"Request processed","method":"POST","path":"/login","service":"your-service-name","statusCode":200}
{"duration":"20ms","level":"info","message":"Request processed","method":"GET","path":"/properties","service":"your-service-name","statusCode":200}
{"duration":"28ms","level":"info","message":"Request processed","method":"GET","path":"/properties","service":"your-service-name","statusCode":200}
{"duration":"9ms","level":"info","message":"Request processed","method":"GET","path":"/properties","service":"your-service-name","statusCode":200}
{"duration":"7ms","level":"info","message":"Request processed","method":"GET","path":"/properties","service":"your-service-name","statusCode":200}
{"duration":"5ms","level":"info","message":"Request processed","method":"GET","path":"/properties","service":"your-service-name","statusCode":200}
{"duration":"7ms","level":"info","message":"Request processed","method":"GET","path":"/properties","service":"your-service-name","statusCode":200}
{"duration":"5ms","level":"info","message":"Request processed","method":"GET","path":"/properties","service":"your-service-name","statusCode":200}
{"duration":"6ms","level":"info","message":"Request processed","method":"GET","path":"/users","service":"your-service-name","statusCode":200}
{"duration":"8ms","level":"info","message":"Request processed","method":"GET","path":"/a1234567-89ab-cdef-0123-456789abcdef","service":"your-service-name","statusCode":200}
{"duration":"8ms","level":"info","message":"Request processed","method":"GET","path":"/a1234567-89ab-cdef-0123-456789abcde","service":"your-service-name","statusCode":200}
{"duration":"7ms","level":"info","message":"Request processed","method":"GET","path":"/a1234567-89ab-cdef-0123-456789abcdef","service":"your-service-name","statusCode":200}
{"duration":"7ms","level":"info","message":"Request processed","method":"GET","path":"/users/","service":"your-service-name","statusCode":200}
{"duration":"8ms","level":"info","message":"Request processed","method":"GET","path":"/a1234567-89ab-cdef-0123-456789abcdef","service":"your-service-name","statusCode":200}
{"duration":"17ms","level":"info","message":"Request processed","method":"GET","path":"/a1234567-89ab-cdef-0123-456789abcde","service":"your-service-name","statusCode":200}
